<?xml version="1.0" encoding="UTF-8"?>
<!-- Generated by org.testng.reporters.JUnitXMLReporter -->
<testsuite hostname="DESKTOP-F5VV34L" name="Test1" tests="3" failures="0" timestamp="22 Jun 2021 13:25:51 GMT" time="55.903" errors="0">
  <testcase name="tc0" time="24.937" classname="org.Frameworkday1.Frameworkday18Parallelexecutiontestlevel"/>
  <testcase name="tc10" time="7.518" classname="org.Frameworkday1.Frameworkday18Parallelexecutiontestlevel"/>
  <testcase name="tc30" time="23.399" classname="org.Frameworkday1.Frameworkday18Parallelexecutiontestlevel"/>
</testsuite> <!-- Test1 -->
