<?xml version="1.0" encoding="UTF-8"?>
<!-- Generated by org.testng.reporters.JUnitXMLReporter -->
<testsuite hostname="DESKTOP-F5VV34L" name="Test(failed)" tests="1" failures="1" timestamp="23 Jun 2021 10:07:20 GMT" time="0.06" errors="0">
  <testcase name="tc21" time="0.018" classname="org.Frameworkday1.Frameworkday19Testngrerun">
    <failure type="java.lang.AssertionError" message="expected [true] but found [false]">
      <![CDATA[java.lang.AssertionError: expected [true] but found [false]
	at org.Frameworkday1.Frameworkday19Testngrerun.tc21(Frameworkday19Testngrerun.java:19)
... Removed 29 stack frames]]>
    </failure>
  </testcase> <!-- tc21 -->
</testsuite> <!-- Test(failed) -->
